-------------------------------------------------------------------------------
Test set: SalesGeneratorJUnitTest
-------------------------------------------------------------------------------
Tests run: 1, Failures: 1, Errors: 0, Skipped: 0, Time elapsed: 1.298 s <<< FAILURE! - in SalesGeneratorJUnitTest
createRandomSalesTest  Time elapsed: 1.273 s  <<< FAILURE!
org.opentest4j.AssertionFailedError: 
	at SalesGeneratorJUnitTest.createRandomSalesTest(SalesGeneratorJUnitTest.java:115)

